<?xml version="1.0" encoding="UTF-8"?>
<testng-results ignored="0" total="1" passed="1" failed="0" skipped="0">
  <reporter-output>
  </reporter-output>
  <suite started-at="2023-08-27T18:12:07 IST" name="Default suite" finished-at="2023-08-27T18:12:24 IST" duration-ms="17763">
    <groups>
    </groups>
    <test started-at="2023-08-27T18:12:07 IST" name="Default test" finished-at="2023-08-27T18:12:24 IST" duration-ms="17763">
      <class name="worktypegroups.SortOrderByName">
        <test-method is-config="true" signature="setUp()[pri:0, instance:worktypegroups.SortOrderByName@28261e8e]" started-at="2023-08-27T18:12:07 IST" name="setUp" finished-at="2023-08-27T18:12:13 IST" duration-ms="5826" status="PASS">
          <reporter-output>
          </reporter-output>
        </test-method> <!-- setUp -->
        <test-method signature="checkSorting()[pri:0, instance:worktypegroups.SortOrderByName@28261e8e]" started-at="2023-08-27T18:12:13 IST" name="checkSorting" finished-at="2023-08-27T18:12:24 IST" duration-ms="11897" status="PASS">
          <reporter-output>
          </reporter-output>
        </test-method> <!-- checkSorting -->
      </class> <!-- worktypegroups.SortOrderByName -->
    </test> <!-- Default test -->
  </suite> <!-- Default suite -->
</testng-results>
